Microsoft HTML Help Compiler 4.74.8702

Compiling c:\Users\ibrahima\Desktop\projet WINDEV\Tuto Gestion\Tuto Gestion.aid\Aide Tuto Gestion005.chm

HHC4014: Warning: The following map definition has an invalid context ID: #define LivreTuto Gestion	0x00000001.
LivreTuto Gestion.htm
DescFen.htm
DescEtat.htm
Divers.htm
Fenêtre_FEN_MENU.htm
Fenêtre_FEN_Fiche_Administrateur.htm
Fenêtre_FEN_Fiche_Mission.htm
Fenêtre_FEN_Fiche_Poste.htm
Fenêtre_FEN_Fiche_Tache.htm
Fenêtre_FEN_Fiche_employe.htm
Fenêtre_FEN_Fiche_service.htm
Fenêtre_FEN_Table_Administrateur.htm
Fenêtre_FEN_Table_Mission.htm
Fenêtre_FEN_Table_Poste.htm
Fenêtre_FEN_Table_Tache.htm
Fenêtre_FEN_Table_employe.htm
Fenêtre_FEN_Table_service.htm
Fenêtre_FEN_Vision_Administrateur.htm
Fenêtre_FEN_Vision_Mission.htm
Fenêtre_FEN_Vision_Poste.htm
Fenêtre_FEN_Vision_Tache.htm
Fenêtre_FEN_Vision_employe.htm
Fenêtre_FEN_Vision_service.htm
Fenêtre_FEN_login.htm
Etat_ETAT_Details_Administrateur.htm
Etat_ETAT_Details_Mission.htm
Etat_ETAT_Details_Poste.htm
Etat_ETAT_Details_Tache.htm
Etat_ETAT_Details_employe.htm
Etat_ETAT_Details_service.htm
Etat_ETAT_Liste_Administrateur.htm
Etat_ETAT_Liste_Mission.htm
Etat_ETAT_Liste_Poste.htm
Etat_ETAT_Liste_Tache.htm
Etat_ETAT_Liste_employe.htm
Etat_ETAT_Liste_service.htm
UtilisationTable.htm
VisualisationEtat.htm
ImageFondPartieVar.jpg
Aide Tuto Gestion.hhc
Aide Tuto Gestion.hhk
img000000040000000100000000.jpg
img000000040000000100000001.jpg
img000000050000000100000001.jpg
img000000060000000100000001.jpg
img000000070000000100000001.jpg
img000000080000000100000001.jpg
img000000090000000100000001.jpg
img000000100000000100000001.jpg
img000000110000000100000001.jpg
img000000120000000100000001.jpg
img000000130000000100000001.jpg
img000000140000000100000001.jpg
img000000150000000100000001.jpg
img000000160000000100000001.jpg
img000000170000000100000001.jpg
img000000180000000100000001.jpg
img000000190000000100000001.jpg
img000000200000000100000001.jpg
img000000210000000100000001.jpg
img000000220000000100000001.jpg
img000000230000000100000001.jpg
img000000240000000100000001.jpg
img000000250000000100000001.jpg
img000000260000000100000001.jpg
img000000270000000100000001.jpg
img000000280000000100000001.jpg
img000000290000000100000001.jpg
img000000300000000100000001.jpg
img000000310000000100000001.jpg
img000000320000000100000001.jpg
img000000330000000100000001.jpg
img000000340000000100000001.jpg
img000000350000000100000001.jpg
img000000360000000100000000.jpg
img000000360000000100000001.jpg
img000000360000000100000002.jpg
img000000360000000100000003.jpg
img000000360000000100000007.jpg
img000000370000000100000010.jpg
DynPopup.js


The following files were not compiled:
